<?xml version="1.0" encoding="UTF-8"?>
<!-- Generated by org.testng.reporters.JUnitXMLReporter -->
<testsuite hostname="USER-PC" name="Default test" tests="5" failures="0" timestamp="1 Sep 2019 15:57:49 GMT" time="209.925" errors="0">
  <testcase name="loginCRM" time="20.798" classname="TestCases.LoginTest"/>
  <testcase name="loginCRM" time="13.752" classname="TestCases.LoginTest"/>
  <testcase name="loginCRM" time="10.402" classname="TestCases.LoginTest"/>
  <testcase name="loginCRM" time="12.636" classname="TestCases.LoginTest"/>
  <testcase name="loginCRM" time="11.136" classname="TestCases.LoginTest"/>
</testsuite> <!-- Default test -->
